[neos.com/index.html]
[backblue.gif]
[fade.gif]
[index.html]
[uploads-ssl.webflow.com/61e55a05ff9ce033ad45f7fa/css/neos-website-6a2dfd.webflow.1387a65c1.css]
[ajax.googleapis.com/ajax/libs/webfont/1.6.26/webfont.js]
[uploads-ssl.webflow.com/61e55a05ff9ce033ad45f7fa/621ce5936c767882d5fc88ea_NeosAssets_LOGO_2021_Horizontal 1.svg]
[uploads-ssl.webflow.com/61e55a05ff9ce033ad45f7fa/6237462dc23878289638d6e0_Logo 1.svg]
[uploads-ssl.webflow.com/61e55a05ff9ce033ad45f7fa/6310c6f23d02d91939898dcc_Group.svg]
[neos.com/features.html]
[uploads-ssl.webflow.com/61e55a05ff9ce033ad45f7fa/62714db424d3ad1481b0fd8f_Artboard.svg]
[uploads-ssl.webflow.com/61e55a05ff9ce033ad45f7fa/62714d5642fe4a0e6898f7ad_Vector.svg]
[uploads-ssl.webflow.com/61e55a05ff9ce033ad45f7fa/62714d77df229a7f7894cccd_Vector (1).svg]
[uploads-ssl.webflow.com/61e55a05ff9ce033ad45f7fa/61e55a07ff9ce0e08845f86f_company-logo-twitch-defi-x-template.svg]
[uploads-ssl.webflow.com/img/placeholder-thumb.svg]
[cdn.cloudflare.steamstatic.com/steam/apps/740250/ss_63a62ca5253a1f295ce77707f27a907ee9f7fa7d.10e6a7.delayed]
[steamuserimages-a.akamaihd.net/ugc/1840284294245614609/B29D2D3E82268EAC86AE6C009CAA609FD3032280/index4c2c.html]
[steamuserimages-a.akamaihd.net/ugc/1859426128391941693/E36A89E46527B2C7B27D93E601141DD87F5E4E13/index4c2c.html]
[steamuserimages-a.akamaihd.net/ugc/1877453734204767537/E6741794750A473FD00811EA394188A61964579E/index4c2c.html]
[steamuserimages-a.akamaihd.net/ugc/1479948333017294171/225DD069F004E3B1803947AB119E9A47EFD5750C/index4c2c.html]
[uploads-ssl.webflow.com/61e55a05ff9ce033ad45f7fa/6224fb1ff08cc97bebeed715_rothenberg 2.png]
[steamuserimages-a.akamaihd.net/ugc/838142953649972864/8E5ABB2943737BCE5680A4EE296BFB3A2728B8F9/index3ba5.html]
[steamuserimages-a.akamaihd.net/ugc/1749105060676734654/75BD1CF0E7C152B505001CC9C588DCB80FFC7A1C/index4c2c.html]
[uploads-ssl.webflow.com/61e55a05ff9ce033ad45f7fa/634fff1c3ba15fd10561eace_virtual_lab[1].svg]
[uploads-ssl.webflow.com/61e55a05ff9ce033ad45f7fa/634fff63cf1ebc6ae1819c45_ctu-logo[1].svg]
[uploads-ssl.webflow.com/61e55a05ff9ce033ad45f7fa/634fff82de84c01b283b2442_siemens_2[1].svg]
[uploads-ssl.webflow.com/61e55a05ff9ce033ad45f7fa/62543801020d1e1b5ca53031_NIR.svg]
[uploads-ssl.webflow.com/61e55a05ff9ce033ad45f7fa/634fff8fbe1922633f7d415d_OBB[1].svg]
[uploads-ssl.webflow.com/61e55a05ff9ce033ad45f7fa/634ffe4745e80baff4516bca_metamask[1].svg]
[uploads-ssl.webflow.com/61e55a05ff9ce033ad45f7fa/634ffe6945e80b0552516db6_my-crypto[1].svg]
[uploads-ssl.webflow.com/61e55a05ff9ce033ad45f7fa/634ffe9371ccb5e480b8b917_coinbetter[1].svg]
[uploads-ssl.webflow.com/61e55a05ff9ce033ad45f7fa/624730938d7301864cf62568_bitrue 3.svg]
[cdn.akamai.steamstatic.com/steam/apps/740250/ss_59426d9f7410fa97d744445ce2db412198fe7e5e.27e6a7.delayed]
[steamuserimages-a.akamaihd.net/ugc/948469732852598586/C95AAB1CDF24159378D7BE7E019BE18E6ACF24DF/index4c2c.html]
[steamuserimages-a.akamaihd.net/ugc/1746826083118489102/8295C22E5654F3BF6FBB5D010DD843A1239D2270/index4c2c.html]
[steamuserimages-a.akamaihd.net/ugc/1839173032457085633/C582BF3D2FBDE3BFBAADCF59EC27C0349A82FDE7/index4c2c.html]
[cdn.cloudflare.steamstatic.com/steam/apps/740250/ss_cbc8231f03040b1cef00459d03d9c224aecc9090e6a7.jpg]
[steamuserimages-a.akamaihd.net/ugc/1769324470150949795/36E4B3DDA35FB10A7E16305C6BD995FE755A7CF6/index3ba5.html]
[steamuserimages-a.akamaihd.net/ugc/1479948333017287428/DEA158F431987E9E605A4A2E044ACF5B04591D13/index3ba5.html]
[cdn.cloudflare.steamstatic.com/steam/apps/740250/ss_d5284f881f73e0232444ecd8494acede34704f1be6a7.jpg]
[steamuserimages-a.akamaihd.net/ugc/1774951956895623222/4C7AD943C41B2A26617E2E2289E836596D2D6715/index3ba5.html]
[cdn.cloudflare.steamstatic.com/steam/apps/740250/ss_c2dbef8107c022ca03fe76143ef4c83f88662473e6a7.jpg]
[cdn.cloudflare.steamstatic.com/steam/apps/740250/ss_723622f15af42f5417a041bdcbd13d1523d9204ee6a7.jpg]
[cdn.cloudflare.steamstatic.com/steam/apps/740250/ss_2c2676fb96a2f1d14151506b3e4a02d1e056e2ade6a7.jpg]
[uploads-ssl.webflow.com/61e55a05ff9ce033ad45f7fa/62374efb9462e2cd43ed18a7_Layer 2.png]
[uploads-ssl.webflow.com/61e55a05ff9ce033ad45f7fa/634ffff1230d05156ef6d864_telegram[1].svg]
[uploads-ssl.webflow.com/61e55a05ff9ce033ad45f7fa/6350000257515c61710f49c4_discord[1].svg]
[uploads-ssl.webflow.com/61e55a05ff9ce033ad45f7fa/63500031230d052660f6dadb_twitter[1].svg]
[uploads-ssl.webflow.com/61e55a05ff9ce033ad45f7fa/623758d9c238781743394f3c_github 1.svg]
[uploads-ssl.webflow.com/61e55a05ff9ce033ad45f7fa/623758d9265c6cb588fabdab_reddit 1.svg]
[d3e54v103j8qbb.cloudfront.net/js/jquery-3.5.1.min.dc5e7f18c875ed.js]
[webapi.neos.com/webflow/scripta945.js]
[cdn.jsdelivr.net/npm/clipboard@2.0.10/dist/clipboard.min.js]
[webapi.neos.com/webflow/chartjs.js]
[webapi.neos.com/webflow/chart.js]
[webapi.neos.com/webflow/style.css]
[webapi.neos.com/webflow/cookieconsent-init.js]
[neos.com/index.html]
[uploads-ssl.webflow.com/61e55a05ff9ce033ad45f7fa/css/neos-website-6a2dfd.webflow.1387a65c1.css]
[uploads-ssl.webflow.com/61e55a05ff9ce033ad45f7fa/621ce5936c767882d5fc88ea_NeosAssets_LOGO_2021_Horizontal 1.svg]
[uploads-ssl.webflow.com/61e55a05ff9ce033ad45f7fa/6237462dc23878289638d6e0_Logo 1.svg]
[uploads-ssl.webflow.com/61e55a05ff9ce033ad45f7fa/6310c6f23d02d91939898dcc_Group.svg]
[uploads-ssl.webflow.com/61e55a05ff9ce033ad45f7fa/624aef44b54beb6dd5db3ad6_favicon-32x32.html]
[uploads-ssl.webflow.com/61e55a05ff9ce033ad45f7fa/624af08622e42980fe8c8b61_fav-256@256x-100.html]
[uploads-ssl.webflow.com/61e55a05ff9ce033ad45f7fa/631f7713de961c52f77c1a02_Create_Inspire_Amaze 2.png]
[uploads-ssl.webflow.com/61e55a05ff9ce033ad45f7fa/6227aa2f0ee7bcd22413c7f2_Play_Share_Have_Fun 1.png]
[webapi.neos.com/webflow/scriptefa4.js]
[neos.com/features.html]
[uploads-ssl.webflow.com/61e55a05ff9ce033ad45f7fa/62714db424d3ad1481b0fd8f_Artboard.svg]
[uploads-ssl.webflow.com/61e55a05ff9ce033ad45f7fa/62714d5642fe4a0e6898f7ad_Vector.svg]
[uploads-ssl.webflow.com/61e55a05ff9ce033ad45f7fa/62714d77df229a7f7894cccd_Vector (1).svg]
[uploads-ssl.webflow.com/61e55a05ff9ce033ad45f7fa/61e55a07ff9ce0e08845f86f_company-logo-twitch-defi-x-template.svg]
[uploads-ssl.webflow.com/61e55a05ff9ce033ad45f7fa/6310c81f257da37facba88a3_Neos_Friends 1.html]
[uploads-ssl.webflow.com/img/placeholder-thumb.svg]
[uploads-ssl.webflow.com/61e55a05ff9ce033ad45f7fa/634fff1c3ba15fd10561eace_virtual_lab[1].svg]
[uploads-ssl.webflow.com/61e55a05ff9ce033ad45f7fa/634fff63cf1ebc6ae1819c45_ctu-logo[1].svg]
[uploads-ssl.webflow.com/61e55a05ff9ce033ad45f7fa/6224fb1f241f992366858bc6_wis_logo_wis_logo_eng_v1_black 2.html]
[uploads-ssl.webflow.com/61e55a05ff9ce033ad45f7fa/634fff82de84c01b283b2442_siemens_2[1].svg]
[uploads-ssl.webflow.com/61e55a05ff9ce033ad45f7fa/62543801020d1e1b5ca53031_NIR.svg]
[uploads-ssl.webflow.com/61e55a05ff9ce033ad45f7fa/634fff8fbe1922633f7d415d_OBB[1].svg]
[uploads-ssl.webflow.com/61e55a05ff9ce033ad45f7fa/6310d902ccfe74779ea0b951_Neos Credits 1.html]
[uploads-ssl.webflow.com/61e55a05ff9ce033ad45f7fa/62e7cc2493f3fb5fe28ffd08_Neos Whitepaper Version 1.06.html]
[uploads-ssl.webflow.com/61e55a05ff9ce033ad45f7fa/634ffe4745e80baff4516bca_metamask[1].svg]
[uploads-ssl.webflow.com/61e55a05ff9ce033ad45f7fa/634ffe6945e80b0552516db6_my-crypto[1].svg]
[uploads-ssl.webflow.com/61e55a05ff9ce033ad45f7fa/6310cb8453e99e06d0258ea8_steam-seeklogo 1.html]
[uploads-ssl.webflow.com/61e55a05ff9ce033ad45f7fa/634ffe9371ccb5e480b8b917_coinbetter[1].svg]
[uploads-ssl.webflow.com/61e55a05ff9ce033ad45f7fa/624730938d7301864cf62568_bitrue 3.svg]
[uploads-ssl.webflow.com/61e55a05ff9ce033ad45f7fa/6224fb1f241f997f5c858bc5_USydLogo 2.html]
[uploads-ssl.webflow.com/61e55a05ff9ce033ad45f7fa/6245d730d5999ce8a043c597_copy-regular 1.html]
[cdn.cloudflare.steamstatic.com/steam/apps/740250/ss_723622f15af42f5417a041bdcbd13d1523d9204ee6a7.jpg]
[cdn.cloudflare.steamstatic.com/steam/apps/740250/ss_2c2676fb96a2f1d14151506b3e4a02d1e056e2ade6a7.jpg]
[uploads-ssl.webflow.com/61e55a05ff9ce033ad45f7fa/62250419e935a437b799168d_Poloniex_logo 2.html]
[uploads-ssl.webflow.com/61e55a05ff9ce033ad45f7fa/634ffff1230d05156ef6d864_telegram[1].svg]
[uploads-ssl.webflow.com/61e55a05ff9ce033ad45f7fa/6350000257515c61710f49c4_discord[1].svg]
[uploads-ssl.webflow.com/61e55a05ff9ce033ad45f7fa/63500031230d052660f6dadb_twitter[1].svg]
[uploads-ssl.webflow.com/61e55a05ff9ce033ad45f7fa/623758d9c238781743394f3c_github 1.svg]
[uploads-ssl.webflow.com/61e55a05ff9ce033ad45f7fa/623758d9265c6cb588fabdab_reddit 1.svg]
[webapi.neos.com/webflow/style.css]
[cdn.jsdelivr.net/gh/orestbida/cookieconsent@v2.7.2/dist/cookieconsent.html]
[cdn.jsdelivr.net/gh/orestbida/cookieconsent@v2.7.2/dist/cookieconsent-2.html]
[uploads-ssl.webflow.com/61e55a05ff9ce033ad45f7fa/js/webflow.31483377f.html]
[cdn.jsdelivr.net/gh/ethereum/web3.js@1.0.0-beta.34/dist/web3.min.html]
[uploads-ssl.webflow.com/61e55a05ff9ce033ad45f7fa/631f7727870e24c91ef293b9_662BD9029B6659B922866125AF3B355150538408 1.html]
[uploads-ssl.webflow.com/61e55a05ff9ce033ad45f7fa/6310c7c350601a427bc791a1_DanceGroup_4k_04-min-2 3.html]
[uploads-ssl.webflow.com/plugins/Basic/assets/placeholder.60f9b1840c.svg]
[uploads-ssl.webflow.com/61e55a05ff9ce033ad45f7fa/6310cd1280174f51bc2f6ab5_Group (1).html]
[uploads-ssl.webflow.com/61e55a05ff9ce033ad45f7fa/6225025f28953e5de15bbb12_Vector (1).html]
[uploads-ssl.webflow.com/61e55a05ff9ce033ad45f7fa/6225033bf5993fee73142134_Group 38747.html]
[uploads-ssl.webflow.com/61e55a05ff9ce033ad45f7fa/63a492538cfe91af8cb45ba5_logo.html]
[uploads-ssl.webflow.com/61e55a05ff9ce033ad45f7fa/624d6512fd72e15f3e89e321_Group 38920.html]
[uploads-ssl.webflow.com/61e55a05ff9ce033ad45f7fa/624d657734f8351540857c50_Group 38921.html]
[uploads-ssl.webflow.com/61e55a05ff9ce033ad45f7fa/631638bf617b3daa149aff80_Artboard.html]
[uploads-ssl.webflow.com/61e55a05ff9ce033ad45f7fa/62374ff40a0b2641f9f5aaea_Ellipse 582.html]
[uploads-ssl.webflow.com/61e55a05ff9ce033ad45f7fa/6224cf53dd39af343eb617e8_Rectangle 2211.html]
[uploads-ssl.webflow.com/61e55a05ff9ce033ad45f7fa/6350003e0e9d4260796c533a_email[1].html]
[uploads-ssl.webflow.com/61e55a05ff9ce033ad45f7fa/623758d9265c6c4a1bfabdac_Vector.html]
[uploads-ssl.webflow.com/61e55a05ff9ce033ad45f7fa/623758d89f4b895b0c1811bb_Vector (1).html]
[uploads-ssl.webflow.com/61e55a05ff9ce033ad45f7fa/623758d9151ebda581feef5c_facebook 1.html]
[cdn.jsdelivr.net/gh/orestbida/cookieconsent@v2.7.2/dist/cookieconsent-2.html]
[uploads-ssl.webflow.com/61e55a05ff9ce033ad45f7fa/624482476b7fd15d90829813_Group 38747.html]
[uploads-ssl.webflow.com/61e55a05ff9ce033ad45f7fa/61e55a07ff9ce08fbb45f8a5_about-hero-pattern-defi-x-template.html]
[uploads-ssl.webflow.com/61e55a05ff9ce033ad45f7fa/61e55a07ff9ce013dc45f8a6_about-globe-defi-x-template.html]
[uploads-ssl.webflow.com/61e55a05ff9ce033ad45f7fa/61e55a07ff9ce002d545f8b8_search-icon-webflow-template.html]
[uploads-ssl.webflow.com/61e55a05ff9ce033ad45f7fa/61e55a07ff9ce0c83145f8ac_cta-pattern-right-defi-x-template.html]
[uploads-ssl.webflow.com/61e55a05ff9ce033ad45f7fa/61e55a07ff9ce0494f45f895_cta-pattern-defi-x-template.html]
[uploads-ssl.webflow.com/61e55a05ff9ce033ad45f7fa/61e55a07ff9ce023d245f850_THICCCBOI-Bold.html]
[uploads-ssl.webflow.com/61e55a05ff9ce033ad45f7fa/61e55a07ff9ce0043f45f84d_THICCCBOI-Medium.html]
[uploads-ssl.webflow.com/61e55a05ff9ce033ad45f7fa/61e55a07ff9ce0d38845f84e_THICCCBOI-Regular.html]
[uploads-ssl.webflow.com/61e55a05ff9ce033ad45f7fa/61e55a07ff9ce06c2345f84f_THICCCBOI-SemiBold.html]
[uploads-ssl.webflow.com/61e55a05ff9ce033ad45f7fa/61e55a07ff9ce0607f45f854_icons-defi-x-template.html]
