[neos.com/index.html]
[backblue.gif]
[fade.gif]
[index.html]
[neos.com/index.html]
[uploads-ssl.webflow.com/61e55a05ff9ce033ad45f7fa/624aef44b54beb6dd5db3ad6_favicon-32x32.png]
[uploads-ssl.webflow.com/61e55a05ff9ce033ad45f7fa/css/neos-website-6a2dfd.webflow.ff311f7d4.css]
[uploads-ssl.webflow.com/61e55a05ff9ce033ad45f7fa/624af08622e42980fe8c8b61_fav-256@256x-100.jpg]
[ajax.googleapis.com/ajax/libs/webfont/1.6.26/webfont.js]
[uploads-ssl.webflow.com/61e55a05ff9ce033ad45f7fa/61e55a07ff9ce0b48b45f8bb_home-hero-shape-01-defi-x-template 2.png]
[uploads-ssl.webflow.com/61e55a05ff9ce033ad45f7fa/621ce5936c767882d5fc88ea_NeosAssets_LOGO_2021_Horizontal 1.svg]
[uploads-ssl.webflow.com/61e55a05ff9ce033ad45f7fa/61e55a07ff9ce04e0345f875_home-hero-shape-02-defi-x-template.png]
[uploads-ssl.webflow.com/61e55a05ff9ce033ad45f7fa/6237462dc23878289638d6e0_Logo 1.svg]
[uploads-ssl.webflow.com/61e55a05ff9ce033ad45f7fa/61e55a07ff9ce0198445f87e_blob-01-defi-x-template.png]
[uploads-ssl.webflow.com/61e55a05ff9ce033ad45f7fa/623eea82ccc230394f2ec6d0_Neos_Friends.png]
[uploads-ssl.webflow.com/61e55a05ff9ce033ad45f7fa/62714db424d3ad1481b0fd8f_Artboard.svg]
[uploads-ssl.webflow.com/61e55a05ff9ce033ad45f7fa/62714d5642fe4a0e6898f7ad_Vector.svg]
[uploads-ssl.webflow.com/61e55a05ff9ce033ad45f7fa/62714d77df229a7f7894cccd_Vector (1).svg]
[uploads-ssl.webflow.com/61e55a05ff9ce033ad45f7fa/61e55a07ff9ce0c48645f871_company-logo-youtube-defi-x-template.svg]
[uploads-ssl.webflow.com/61e55a05ff9ce033ad45f7fa/6227a9e50ec51602afdd8977_Create_Inspire_Amaze 2.png]
[uploads-ssl.webflow.com/61e55a05ff9ce033ad45f7fa/61e55a07ff9ce0e08845f86f_company-logo-twitch-defi-x-template.svg]
[uploads-ssl.webflow.com/61e55a05ff9ce033ad45f7fa/6227aa2f0ee7bcd22413c7f2_Play_Share_Have_Fun 1.png]
[uploads-ssl.webflow.com/61e55a05ff9ce033ad45f7fa/62374849d69258661be0da06_Educate_Simulate_Collaborate-2 1.png]
[uploads-ssl.webflow.com/61e55a05ff9ce033ad45f7fa/6224fb1ff08cc97bebeed715_rothenberg 2.png]
[uploads-ssl.webflow.com/61e55a05ff9ce033ad45f7fa/6224fb1f241f997f5c858bc5_USydLogo 2.png]
[uploads-ssl.webflow.com/61e55a05ff9ce033ad45f7fa/62471cb64dcec058a2e41f8c_virtual lab 1.png]
[uploads-ssl.webflow.com/61e55a05ff9ce033ad45f7fa/6224fb1efbfee6aab427e7f9_logo-en 2.png]
[uploads-ssl.webflow.com/61e55a05ff9ce033ad45f7fa/6224fb1f241f992366858bc6_wis_logo_wis_logo_eng_v1_black 2.png]
[uploads-ssl.webflow.com/61e55a05ff9ce033ad45f7fa/6224fb1ebacd8a605ca92d79_siemens 2.png]
[uploads-ssl.webflow.com/61e55a05ff9ce033ad45f7fa/62543801020d1e1b5ca53031_NIR.svg]
[uploads-ssl.webflow.com/61e55a05ff9ce033ad45f7fa/6224fb1e6a255a05029ae09d_OBB 2.png]
[uploads-ssl.webflow.com/61e55a05ff9ce033ad45f7fa/623eeb2c51b8b2f29ba71d2e_Neos_Credits_V2.jpg]
[uploads-ssl.webflow.com/61e55a05ff9ce033ad45f7fa/62e7cc2493f3fb5fe28ffd08_Neos Whitepaper Version 1.06.pdf]
[uploads-ssl.webflow.com/61e55a05ff9ce033ad45f7fa/6225025f28953e5de15bbb12_Vector (1).svg]
[uploads-ssl.webflow.com/61e55a05ff9ce033ad45f7fa/6225033bf5993fee73142134_Group 38747.svg]
[uploads-ssl.webflow.com/61e55a05ff9ce033ad45f7fa/62250419e935a437b799168d_Poloniex_logo 2.png]
[uploads-ssl.webflow.com/61e55a05ff9ce033ad45f7fa/62250428b691fae9a239c4fc_16407731649218b5553db0df8a168cc02de0c963d16a3e 1.png]
[uploads-ssl.webflow.com/61e55a05ff9ce033ad45f7fa/624730938d7301864cf62568_bitrue 3.svg]
[uploads-ssl.webflow.com/61e55a05ff9ce033ad45f7fa/624d6512fd72e15f3e89e321_Group 38920.svg]
[uploads-ssl.webflow.com/61e55a05ff9ce033ad45f7fa/624d657734f8351540857c50_Group 38921.svg]
[uploads-ssl.webflow.com/61e55a05ff9ce033ad45f7fa/6245d730d5999ce8a043c597_copy-regular 1.png]
[uploads-ssl.webflow.com/61e55a05ff9ce033ad45f7fa/6225061366b16c2b48ea8b3a_metamask-fox-colors 1.png]
[uploads-ssl.webflow.com/61e55a05ff9ce033ad45f7fa/622506371ef1ea698a43eca1_Group.png]
[uploads-ssl.webflow.com/61e55a05ff9ce033ad45f7fa/6244850b4a799a58141a5eda_Everything_You_Need_In_One_Platform.png]
[uploads-ssl.webflow.com/61e55a05ff9ce033ad45f7fa/62374efb9462e2cd43ed18a7_Layer 2.png]
[uploads-ssl.webflow.com/61e55a05ff9ce033ad45f7fa/62374ff40a0b2641f9f5aaea_Ellipse 582.svg]
[uploads-ssl.webflow.com/61e55a05ff9ce033ad45f7fa/6246e05ec2b567aa6ad08f25_6224f426241f9947d5855b97_DanceGroup_4k_04-min-2 1.png]
[uploads-ssl.webflow.com/61e55a05ff9ce033ad45f7fa/6224f42547b311443253cca4_2021-03-15-19.24 1.png]
[uploads-ssl.webflow.com/61e55a05ff9ce033ad45f7fa/6224f425fbfee6daf2279894_2021-03-18-19.03 1.png]
[uploads-ssl.webflow.com/61e55a05ff9ce033ad45f7fa/6224f4267660ea1007f2708a_Photo-in-Medieval-Environment-min 1.png]
[uploads-ssl.webflow.com/61e55a05ff9ce033ad45f7fa/6246e26052313bb04a006273_6224f426241f9947d5855b97_DanceGroup_4k_04-min-2 1-2.png]
[uploads-ssl.webflow.com/61e55a05ff9ce033ad45f7fa/6246e25fcecd666f1e8330df_6224f42547b311443253cca4_2021-03-15-19.24 1 - kopie.png]
[uploads-ssl.webflow.com/61e55a05ff9ce033ad45f7fa/6246e260e14e954f1da8230a_6224f42547b311443253cca4_2021-03-15-19.24 1.png]
[uploads-ssl.webflow.com/61e55a05ff9ce033ad45f7fa/6246e2607fd1ed8ad6858dba_6224f4267660ea1007f2708a_Photo-in-Medieval-Environment-min 1-2.png]
[uploads-ssl.webflow.com/61e55a05ff9ce033ad45f7fa/6246e40c353fb8263948e42b_6224f426241f9947d5855b97_DanceGroup_4k_04-min-2 1-2.png]
[uploads-ssl.webflow.com/61e55a05ff9ce033ad45f7fa/6246e465ff60cfb3c4370d56_6224f42547b311443253cca4_2021-03-15-19.24 1.png]
[uploads-ssl.webflow.com/61e55a05ff9ce033ad45f7fa/6246e4abaa889a56d7cc5e9e_6224f42547b311443253cca4_2021-03-15-19.24 1 - kopie.png]
[uploads-ssl.webflow.com/61e55a05ff9ce033ad45f7fa/6246e3b5e94a7dec2115551e_6224f4267660ea1007f2708a_Photo-in-Medieval-Environment-min 1-2.png]
[uploads-ssl.webflow.com/61e55a05ff9ce033ad45f7fa/6224cf53dd39af343eb617e8_Rectangle 2211.svg]
[uploads-ssl.webflow.com/61e55a05ff9ce033ad45f7fa/6237575cca16228a45366888_Group 38919.png]
[uploads-ssl.webflow.com/61e55a05ff9ce033ad45f7fa/623756f884bece47ad0a8aa1_Group 38908.png]
[uploads-ssl.webflow.com/61e55a05ff9ce033ad45f7fa/6237573ae967846e17b60cd9_Group 38544.png]
[uploads-ssl.webflow.com/61e55a05ff9ce033ad45f7fa/62375736e967840157b60ccb_Group 38906.png]
[uploads-ssl.webflow.com/61e55a05ff9ce033ad45f7fa/623758d9265c6c4a1bfabdac_Vector.svg]
[uploads-ssl.webflow.com/61e55a05ff9ce033ad45f7fa/623758d89f4b895b0c1811bb_Vector (1).svg]
[uploads-ssl.webflow.com/61e55a05ff9ce033ad45f7fa/623758d9c238781743394f3c_github 1.svg]
[d3e54v103j8qbb.cloudfront.net/js/jquery-3.5.1.min.dc5e7f18c875ed.js]
[uploads-ssl.webflow.com/61e55a05ff9ce033ad45f7fa/623758d9265c6cb588fabdab_reddit 1.svg]
[cdn.jsdelivr.net/npm/clipboard@2.0.10/dist/clipboard.min.js]
[uploads-ssl.webflow.com/61e55a05ff9ce033ad45f7fa/623758d9151ebda581feef5c_facebook 1.svg]
[webapi.neos.com/webflow/scriptefa4.js]
[webapi.neos.com/webflow/chartjs.js]
[webapi.neos.com/webflow/chart.js]
[cdn.jsdelivr.net/gh/orestbida/cookieconsent@v2.7.2/dist/cookieconsent.css]
[cdn.jsdelivr.net/gh/orestbida/cookieconsent@v2.7.2/dist/cookieconsent.js]
[webapi.neos.com/webflow/cookieconsent-init.js]
[uploads-ssl.webflow.com/61e55a05ff9ce033ad45f7fa/js/webflow.db301547c.js]
[webapi.neos.com/webflow/style.css]
[uploads-ssl.webflow.com/61e55a05ff9ce033ad45f7fa/624482476b7fd15d90829813_Group 38747.png]
[cdn.jsdelivr.net/gh/orestbida/cookieconsent@v2.7.2/dist/cookieconsent.css]
[d3e54v103j8qbb.cloudfront.net/static/youtube-placeholder.2b05e7d68d.svg]
[uploads-ssl.webflow.com/61e55a05ff9ce033ad45f7fa/61e55a07ff9ce08fbb45f8a5_about-hero-pattern-defi-x-template.svg]
[uploads-ssl.webflow.com/61e55a05ff9ce033ad45f7fa/61e55a07ff9ce013dc45f8a6_about-globe-defi-x-template.svg]
[uploads-ssl.webflow.com/61e55a05ff9ce033ad45f7fa/61e55a07ff9ce002d545f8b8_search-icon-webflow-template.svg]
[uploads-ssl.webflow.com/61e55a05ff9ce033ad45f7fa/61e55a07ff9ce0c83145f8ac_cta-pattern-right-defi-x-template.svg]
[uploads-ssl.webflow.com/61e55a05ff9ce033ad45f7fa/61e55a07ff9ce0494f45f895_cta-pattern-defi-x-template.svg]
[uploads-ssl.webflow.com/61e55a05ff9ce033ad45f7fa/61e55a07ff9ce023d245f850_THICCCBOI-Bold.svg]
[uploads-ssl.webflow.com/61e55a05ff9ce033ad45f7fa/61e55a07ff9ce0043f45f84d_THICCCBOI-Medium.svg]
[uploads-ssl.webflow.com/61e55a05ff9ce033ad45f7fa/61e55a07ff9ce0d38845f84e_THICCCBOI-Regular.svg]
[uploads-ssl.webflow.com/61e55a05ff9ce033ad45f7fa/61e55a07ff9ce06c2345f84f_THICCCBOI-SemiBold.svg]
[uploads-ssl.webflow.com/61e55a05ff9ce033ad45f7fa/61e55a07ff9ce0607f45f854_icons-defi-x-template.svg]
